C51 COMPILER V9.60.0.0   GSM                                                               03/16/2021 21:39:31 PAGE 1   


C51 COMPILER V9.60.0.0, COMPILATION OF MODULE GSM
OBJECT MODULE PLACED IN .\Objects\GSM.obj
COMPILER INVOKED BY: D:\51\C51\BIN\C51.EXE GSM.c COMPACT OPTIMIZE(8,SPEED) BROWSE DEBUG OBJECTEXTEND PRINT(.\Listings\GS
                    -M.lst) OBJECT(.\Objects\GSM.obj)

line level    source

   1          #include <GSM.h>
   2          
   3          uchar code SMS_send[]= "AT+CSCS=";
   4          uchar code SMS_send1[]= "UCS2";//设置为 16 位通用 8 字节倍数编码字符集
   5          uchar code SMS_send2[]= "AT+CSMP=17,167,0,8";//使用 UCS2 方式发送中文短信
   6          uchar code SMS_send3[]= "AT+CMGS=";
   7          uchar code PhoneCall[]="17104945750";   //用户手机号
   8          //uchar code PhoneCall[]="13781811373"; //用户手机号
   9          uchar code SMS_TXET[]= "AT+CMGF=1";//发送数据为TXET格式 
  10          
  11          uchar code Sms[]="危险"; 
  12          
  13          void delay(uint ms)// 延时子程序
  14          {      
  15   1      uchar i;
  16   1      while(ms--)
  17   1      {
  18   2        for(i=0;i<120;i++);
  19   2      }
  20   1      }
  21          
  22          /*********************************************************** 
  23          函数名称：GSM_TEXT 
  24          函数功能：设置发送数据为TXET格式       
  25                    入口参数:无     出口参数：无 
  26          ***********************************************************/ 
  27           
  28          void GSM_TEXT()   //设置GSM为TEXT格式
  29          {    
  30   1                 SendString2(SMS_send);
  31   1                 SendString2(SMS_send1);
  32   1           SendString2("\r\n");   //发送回车
  33   1           delay(6000);
  34   1           SendString2(SMS_send2);     
  35   1           SendString2("\r\n");   //发送回车
  36   1           delay(6000);       
  37   1           SendString2(SMS_TXET);   //发送设置指令
  38   1           SendString2("\r\n");   //发送回车
  39   1           ES=0;
  40   1           delay(6000); 
  41   1                  SendString2(SMS_send3);
  42   1                  SendString2(PhoneCall);
  43   1            SendString2("\r\n");   //发送回车
  44   1            delay(6000);
  45   1      }
  46          
  47          /*********************************************************** 
  48          函数名称：GSM_TEXT_SMS 
  49          函数功能：发送数据为TXET格式的短信内容       
  50                    入口参数:无     出口参数：无 
  51          ***********************************************************/ 
  52           
  53          void GSM_TEXT_SMS()  //发送TEXT格式内容
  54          {   
C51 COMPILER V9.60.0.0   GSM                                                               03/16/2021 21:39:31 PAGE 2   

  55   1           
  56   1           SendString2(SMS_send3);
  57   1                 SendString2(PhoneCall);
  58   1           SendString2("\r\n");   //发送回车
  59   1           delay(3000); 
  60   1           SendString2(Sms);
  61   1           SendData2(0x1a);  //发送短息内容结束符对应的ASCII为0x1a
  62   1           ES=1;
  63   1           delay(1000);
  64   1           delay(5000);   
  65   1      } 


MODULE INFORMATION:   STATIC OVERLAYABLE
   CODE SIZE        =    202    ----
   CONSTANT SIZE    =     72    ----
   XDATA SIZE       =   ----    ----
   PDATA SIZE       =   ----    ----
   DATA SIZE        =   ----    ----
   IDATA SIZE       =   ----    ----
   BIT SIZE         =   ----    ----
END OF MODULE INFORMATION.


C51 COMPILATION COMPLETE.  0 WARNING(S),  0 ERROR(S)
