C51 COMPILER V9.00   IIC                                                                   04/09/2022 08:39:48 PAGE 1   


C51 COMPILER V9.00, COMPILATION OF MODULE IIC
OBJECT MODULE PLACED IN iic.obj
COMPILER INVOKED BY: C:\k4\C51\BIN\C51.EXE lib\iic.c BROWSE INCDIR(.\lib) DEBUG OBJECTEXTEND PRINT(.\iic.lst) OBJECT(iic
                    -.obj)

line level    source

   1          /*
   2            程序说明: IIC总线驱动程序
   3            软件环境: Keil uVision 4.10 
   4            硬件环境: CT107单片机综合实训平台 8051，12MHz
   5            日    期: 2011-8-9
   6          */
   7          
   8          #include "reg52.h"
   9          #include "intrins.h"
  10          #include "iic.h"
  11          
  12          #define DELAY_TIME 5
  13          
  14          #define SlaveAddrW 0xA0
  15          #define SlaveAddrR 0xA1
  16          
  17          //总线引脚定义
  18          sbit SDA = P2^1;  /* 数据线 */
  19          sbit SCL = P2^0;  /* 时钟线 */
  20          
  21          unsigned char PCF8591_Adc(unsigned char pass)
  22          {
  23   1              unsigned char temp;
  24   1              //写入
  25   1              IIC_Start();
  26   1              IIC_SendByte(0x90);  //确认写
  27   1              IIC_WaitAck();
  28   1              
  29   1              IIC_SendByte(pass);    //确认通道
  30   1              IIC_WaitAck();
  31   1              //读取
  32   1              IIC_Start();
  33   1              IIC_SendByte(0x91);  //确认读
  34   1              IIC_WaitAck();
  35   1              
  36   1              temp = IIC_RecByte();    //读取总线数据
  37   1              IIC_SendAck(1);          //停止应答
  38   1              IIC_Stop();              //停止总线
  39   1              
  40   1              return temp;
  41   1      }
  42          void PCF8591_Dac(unsigned char pass, unsigned char dat)
  43          {
  44   1              IIC_Start();
  45   1              IIC_SendByte(0x90);  //确认写
  46   1              IIC_WaitAck();
  47   1              
  48   1              IIC_SendByte(pass);    //确认通道
  49   1              IIC_WaitAck();
  50   1              
  51   1              IIC_SendByte(dat);    //输出数模转换的数据
  52   1              IIC_WaitAck();
  53   1              IIC_Stop();
  54   1      }
C51 COMPILER V9.00   IIC                                                                   04/09/2022 08:39:48 PAGE 2   

  55                  
  56          void IIC_Delay(unsigned char i)
  57          {
  58   1          do{_nop_();}
  59   1          while(i--);        
  60   1      }
  61          //总线启动条件
  62          void IIC_Start(void)
  63          {
  64   1          SDA = 1;
  65   1          SCL = 1;
  66   1          IIC_Delay(DELAY_TIME);
  67   1          SDA = 0;
  68   1          IIC_Delay(DELAY_TIME);
  69   1          SCL = 0;    
  70   1      }
  71          
  72          //总线停止条件
  73          void IIC_Stop(void)
  74          {
  75   1          SDA = 0;
  76   1          SCL = 1;
  77   1          IIC_Delay(DELAY_TIME);
  78   1          SDA = 1;
  79   1          IIC_Delay(DELAY_TIME);
  80   1      }
  81          
  82          //发送应答
  83          void IIC_SendAck(bit ackbit)
  84          {
  85   1          SCL = 0;
  86   1          SDA = ackbit;                                       // 0：应答，1：非应答
  87   1          IIC_Delay(DELAY_TIME);
  88   1          SCL = 1;
  89   1          IIC_Delay(DELAY_TIME);
  90   1          SCL = 0; 
  91   1          SDA = 1;
  92   1          IIC_Delay(DELAY_TIME);
  93   1      }
  94          
  95          //等待应答
  96          bit IIC_WaitAck(void)
  97          {
  98   1          bit ackbit;
  99   1              
 100   1          SCL  = 1;
 101   1          IIC_Delay(DELAY_TIME);
 102   1          ackbit = SDA;
 103   1          SCL = 0;
 104   1          IIC_Delay(DELAY_TIME);
 105   1          return ackbit;
 106   1      }
 107          
 108          //通过I2C总线发送数据
 109          void IIC_SendByte(unsigned char byt)
 110          {
 111   1          unsigned char i;
 112   1      
 113   1          for(i=0; i<8; i++)
 114   1          {
 115   2              SCL  = 0;
 116   2              IIC_Delay(DELAY_TIME);
C51 COMPILER V9.00   IIC                                                                   04/09/2022 08:39:48 PAGE 3   

 117   2              if(byt & 0x80) SDA  = 1;
 118   2              else SDA  = 0;
 119   2              IIC_Delay(DELAY_TIME);
 120   2              SCL = 1;
 121   2              byt <<= 1;
 122   2              IIC_Delay(DELAY_TIME);
 123   2          }
 124   1          SCL  = 0;  
 125   1      }
 126          
 127          //从I2C总线上接收数据
 128          unsigned char IIC_RecByte(void)
 129          {
 130   1          unsigned char i, da;
 131   1          for(i=0; i<8; i++)
 132   1          {   
 133   2              SCL = 1;
 134   2              IIC_Delay(DELAY_TIME);
 135   2              da <<= 1;
 136   2              if(SDA) da |= 1;
 137   2              SCL = 0;
 138   2              IIC_Delay(DELAY_TIME);
 139   2          }
 140   1          return da;    
 141   1      }


MODULE INFORMATION:   STATIC OVERLAYABLE
   CODE SIZE        =    234    ----
   CONSTANT SIZE    =   ----    ----
   XDATA SIZE       =   ----    ----
   PDATA SIZE       =   ----    ----
   DATA SIZE        =   ----       4
   IDATA SIZE       =   ----    ----
   BIT SIZE         =   ----       2
END OF MODULE INFORMATION.


C51 COMPILATION COMPLETE.  0 WARNING(S),  0 ERROR(S)
