C51 COMPILER V9.00   KEYSCAN                                                               04/09/2022 12:54:42 PAGE 1   


C51 COMPILER V9.00, COMPILATION OF MODULE KEYSCAN
OBJECT MODULE PLACED IN keyscan.OBJ
COMPILER INVOKED BY: C:\k4\C51\BIN\C51.EXE keyscan.c BROWSE INCDIR(.\lib) DEBUG OBJECTEXTEND

line level    source

   1          #include "keyscan.h"
   2          sfr P4   = 0xC0;   
   3          
   4          //лл
   5          sbit R1 = P3^0;  
   6          sbit R2 = P3^1;
   7          sbit R3 = P3^2;
   8          sbit R4 = P3^3;
   9          
  10          //┴л
  11          sbit C1 = P4^4;
  12          sbit C2 = P4^2;
  13          sbit C3 = P3^5;
  14          sbit C4 = P3^4;
  15          
  16          unsigned char keyNum = 0;
  17          
  18          void delay_ms(unsigned int ms)
  19          {
  20   1               unsigned int i;
  21   1               while(ms--)
  22   1                      {
  23   2                              for(i=120;i>0;i--);
  24   2                      }
  25   1      }
  26          /*
  27            0--3
  28            4--7
  29            8--11
  30            12-15
  31          */
  32          void ScanKeys(void)
  33          {
  34   1              keyNum = 20;
  35   1             
  36   1              R3 = 0;
  37   1              R2 = R1 = R4 = 1;
  38   1              C1 = C2 = C3 = C4 = 1;
  39   1               if(C3 == 0)                            //s13
  40   1              {
  41   2                              delay_ms(400);
  42   2                      if(C3 == 0)
  43   2                                      {
  44   3                                        keyNum = 13;
  45   3                                      }
  46   2                      
  47   2                     
  48   2              }
  49   1              else if(C4 == 0)                          // s17
  50   1              {
  51   2                             delay_ms(400);
  52   2                      if(C4 == 0)
  53   2                                      {
  54   3                                        keyNum = 17;
  55   3                                      }
C51 COMPILER V9.00   KEYSCAN                                                               04/09/2022 12:54:42 PAGE 2   

  56   2                      
  57   2                      
  58   2              }
  59   1              
  60   1              R4 = 0;
  61   1              R2 = R3 = R1 = 1;
  62   1              C1 = C2 = C3 = C4 = 1;
  63   1              if(C1 == 0)                                       // 13
  64   1              {
  65   2                      delay_ms(400);
  66   2                                      while(C1 == 0);
  67   2                      keyNum = 13;
  68   2                      
  69   2              }
  70   1              
  71   1              else if(C3 == 0)                   // s 12
  72   1              {
  73   2                              delay_ms(400);
  74   2                      if(C3 == 0)
  75   2                                      {
  76   3                                       keyNum = 12;
  77   3                                      }
  78   2                      
  79   2                     
  80   2              }
  81   1              else if(C4 == 0)                   // s16
  82   1              {               
  83   2                              delay_ms(400);
  84   2                      if(C4 == 0)
  85   2                                      {
  86   3                      keyNum = 16;
  87   3                                      }
  88   2                     
  89   2              }
  90   1      }
  91          


MODULE INFORMATION:   STATIC OVERLAYABLE
   CODE SIZE        =    135    ----
   CONSTANT SIZE    =   ----    ----
   XDATA SIZE       =   ----    ----
   PDATA SIZE       =   ----    ----
   DATA SIZE        =      1    ----
   IDATA SIZE       =   ----    ----
   BIT SIZE         =   ----    ----
END OF MODULE INFORMATION.


C51 COMPILATION COMPLETE.  0 WARNING(S),  0 ERROR(S)
