C51 COMPILER V9.00   USART                                                                 04/09/2022 08:39:47 PAGE 1   


C51 COMPILER V9.00, COMPILATION OF MODULE USART
OBJECT MODULE PLACED IN usart.OBJ
COMPILER INVOKED BY: C:\k4\C51\BIN\C51.EXE usart.c BROWSE INCDIR(.\lib) DEBUG OBJECTEXTEND

line level    source

   1          #include "usart.h"
   2          u8 tmpRecv;
   3          void Init_Uart()
   4          {
   5   1          TMOD=0x20;
   6   1              TH1=0xfd;
   7   1              TL1=0xfd;
   8   1              
   9   1              TCON=0x50;
  10   1              TR1=1;
  11   1              ES=1;
  12   1              EA=1;
  13   1      }
  14          
  15          void PutString(u8 *TXStr)  
  16          {                
  17   1         
  18   1           //while(*TXStr!=0) 
  19   1             while(*TXStr!='\0') 
  20   1          {                      
  21   2              SBUF=*TXStr;
  22   2              while(TI==0);
  23   2              TI=0;    
  24   2              TXStr++;
  25   2          }
  26   1      
  27   1      } 
  28          
  29          void SendByte(unsigned char dat)  //SendByte(0x5a)
  30          {
  31   1              SBUF = dat;
  32   1              while(TI == 0);
  33   1              TI = 0;
  34   1      }
  35          
  36          //---------------接收
  37          void service_Uart() interrupt 4
  38          {
  39   1              if(RI==1)
  40   1              {
  41   2                      RI = 0;//清除接收标志
  42   2                      switch(SBUF)
  43   2                      {
  44   3                              case 'a':  break;                                                                                       
  45   3                              case 'b':  break;                                 
  46   3                      }
  47   2      
  48   2              }
  49   1      }


MODULE INFORMATION:   STATIC OVERLAYABLE
   CODE SIZE        =     68    ----
   CONSTANT SIZE    =   ----    ----
   XDATA SIZE       =   ----    ----
C51 COMPILER V9.00   USART                                                                 04/09/2022 08:39:47 PAGE 2   

   PDATA SIZE       =   ----    ----
   DATA SIZE        =      1    ----
   IDATA SIZE       =   ----    ----
   BIT SIZE         =   ----    ----
END OF MODULE INFORMATION.


C51 COMPILATION COMPLETE.  0 WARNING(S),  0 ERROR(S)
